Removed Pin From Net: NetName=GND Pin=P1-4
Removed Pin From Net: NetName=+5 Pin=P1-6
Change Component Footprint: Designator=P1 Old Footprint=HDR2X14 New Footprint=HDR1X14
Change Component Comment : Designator=P1 Old Comment=Header 14X2 New Comment=Header 14
Added Component: Designator=P2(HDR1X14)
Add component (AddParameter): Name = "LatestRevisionDate"; Value = "17-Jul-2002"; VariantName = "[No Variations]"
Add component (AddParameter): Name = "LatestRevisionNote"; Value = "Re-released for DXP Platform."; VariantName = "[No Variations]"
Add component (AddParameter): Name = "Publisher"; Value = "Altium Limited"; VariantName = "[No Variations]"
Added Pin To Net: NetName=+5 Pin=P1-12
Added Pin To Net: NetName=GND Pin=P1-13
Added Pin To Net: NetName=NetP1_9 Pin=P1-9
Added Pin To Net: NetName=NetP1_9 Pin=Q3-2
Added Net: Name=NetP1_9
Added Pin To Net: NetName=NetP1_11 Pin=P1-11
Added Pin To Net: NetName=NetP1_11 Pin=Q1-2
Added Net: Name=NetP1_11
Added Pin To Net: NetName=VCC Pin=D1-1
Added Pin To Net: NetName=VCC Pin=P2-2
Added Net: Name=VCC
Added Member To Class: ClassName=Sheet1 Member=Component P2 Header 14
Added Room: Name=Sheet1
